{"/Users/victorgraciaweb/proyectos/rentuply/rentuply-web/src/api/tesloApi.ts": {"path":"/Users/victorgraciaweb/proyectos/rentuply/rentuply-web/src/api/tesloApi.ts","statementMap":{"0":{"start":{"line":3,"column":17},"end":{"line":5,"column":2}},"1":{"start":{"line":7,"column":0},"end":{"line":14,"column":null}},"2":{"start":{"line":8,"column":16},"end":{"line":8,"column":45}},"3":{"start":{"line":9,"column":2},"end":{"line":10,"column":null}},"4":{"start":{"line":10,"column":4},"end":{"line":10,"column":null}},"5":{"start":{"line":13,"column":2},"end":{"line":13,"column":null}}},"fnMap":{"0":{"name":"(anonymous_0)","decl":{"start":{"line":7,"column":30},"end":{"line":7,"column":35}},"loc":{"start":{"line":7,"column":46},"end":{"line":14,"column":null}},"line":7}},"branchMap":{"0":{"loc":{"start":{"line":9,"column":2},"end":{"line":10,"column":null}},"type":"if","locations":[{"start":{"line":9,"column":2},"end":{"line":10,"column":null}},{"start":{},"end":{}}],"line":9}},"s":{"0":1,"1":1,"2":0,"3":0,"4":0,"5":0},"f":{"0":0},"b":{"0":[0,0]},"meta":{"lastBranch":1,"lastFunction":1,"lastStatement":6,"seen":{"s:3:17:5:2":0,"s:7:0:14:Infinity":1,"f:7:30:7:35":0,"s:8:16:8:45":2,"b:9:2:10:Infinity:undefined:undefined:undefined:undefined":0,"s:9:2:10:Infinity":3,"s:10:4:10:Infinity":4,"s:13:2:13:Infinity":5}}}
}
